[TRACE] 2020-01-29 11:08:51.616 View:9 - This is a trace message 
[DEBUG] 2020-01-29 11:08:51.622 View:10 - This is a debug message 
[INFO ] 2020-01-29 11:08:51.622 View:11 - This is an info message 
[WARN ] 2020-01-29 11:08:51.622 View:12 - This is a warn message 
[ERROR] 2020-01-29 11:08:51.623 View:13 - This is an error message 
[FATAL] 2020-01-29 11:08:51.623 View:14 - This is a fatal message 
[TRACE] 2020-01-29 11:12:21.289 View:9 - This is a trace message 
[DEBUG] 2020-01-29 11:12:21.294 View:10 - This is a debug message 
[INFO ] 2020-01-29 11:12:21.295 View:11 - This is an info message 
[WARN ] 2020-01-29 11:12:21.295 View:12 - This is a warn message 
[FATAL] 2020-01-29 11:12:21.295 View:13 - This is a fatal message 
[ERROR] 2020-01-29 11:12:21.296 View:14 - This is an error message 
[TRACE] 2020-01-29 11:13:12.399 View:9 - This is a trace message 
[DEBUG] 2020-01-29 11:13:12.404 View:10 - This is a debug message 
[INFO ] 2020-01-29 11:13:12.404 View:11 - This is an info message 
[WARN ] 2020-01-29 11:13:12.404 View:12 - This is a warn message 
[FATAL] 2020-01-29 11:13:12.405 View:13 - This is a fatal message 
[ERROR] 2020-01-29 11:13:12.405 View:14 - This is an error message 
[TRACE] 2020-01-29 11:14:48.478 View:9 - This is a trace message 
[DEBUG] 2020-01-29 11:14:48.489 View:10 - This is a debug message 
[INFO ] 2020-01-29 11:14:48.490 View:11 - This is an info message 
[WARN ] 2020-01-29 11:14:48.490 View:12 - This is a warn message 
[FATAL] 2020-01-29 11:14:48.490 View:13 - This is a fatal message 
[ERROR] 2020-01-29 11:14:48.491 View:14 - This is an error message 
[TRACE] 2020-01-29 11:25:03.213 View:9 - This is a trace message 
[DEBUG] 2020-01-29 11:25:03.218 View:10 - This is a debug message 
[INFO ] 2020-01-29 11:25:03.219 View:11 - This is an info message 
[WARN ] 2020-01-29 11:25:03.219 View:12 - This is a warn message 
[FATAL] 2020-01-29 11:25:03.219 View:13 - This is a fatal message 
[ERROR] 2020-01-29 11:25:03.219 View:14 - This is an error message 
[TRACE] 2020-01-29 11:25:39.587 View:9 - This is a trace message 
[DEBUG] 2020-01-29 11:25:39.592 View:10 - This is a debug message 
[INFO ] 2020-01-29 11:25:39.593 View:11 - This is an info message 
[WARN ] 2020-01-29 11:25:39.593 View:12 - This is a warn message 
[FATAL] 2020-01-29 11:25:39.600 View:13 - This is a fatal message 
[ERROR] 2020-01-29 11:25:39.600 View:14 - This is an error message 
[TRACE] 2020-01-29 11:26:30.938 View:9 - This is a trace message 
[DEBUG] 2020-01-29 11:26:30.944 View:10 - This is a debug message 
[INFO ] 2020-01-29 11:26:30.945 View:11 - This is an info message 
[WARN ] 2020-01-29 11:26:30.945 View:12 - This is a warn message 
[FATAL] 2020-01-29 11:26:30.945 View:13 - This is a fatal message 
[ERROR] 2020-01-29 11:26:30.946 View:14 - This is an error message 
[TRACE] 2020-01-29 11:26:44.517 View:9 - This is a trace message 
[DEBUG] 2020-01-29 11:26:44.531 View:10 - This is a debug message 
[INFO ] 2020-01-29 11:26:44.533 View:11 - This is an info message 
[WARN ] 2020-01-29 11:26:44.534 View:12 - This is a warn message 
[FATAL] 2020-01-29 11:26:44.535 View:13 - This is a fatal message 
[ERROR] 2020-01-29 11:26:44.536 View:14 - This is an error message 
[TRACE] 2020-01-29 11:27:21.242 View:9 - This is a trace message 
[DEBUG] 2020-01-29 11:27:21.248 View:10 - This is a debug message 
[INFO ] 2020-01-29 11:27:21.249 View:11 - This is an info message 
[WARN ] 2020-01-29 11:27:21.250 View:12 - This is a warn message 
[FATAL] 2020-01-29 11:27:21.250 View:13 - This is a fatal message 
[ERROR] 2020-01-29 11:27:21.251 View:14 - This is an error message 
[TRACE] 2020-01-29 11:27:26.045 View:9 - This is a trace message 
[DEBUG] 2020-01-29 11:27:26.052 View:10 - This is a debug message 
[INFO ] 2020-01-29 11:27:26.052 View:11 - This is an info message 
[WARN ] 2020-01-29 11:27:26.053 View:12 - This is a warn message 
[FATAL] 2020-01-29 11:27:26.054 View:13 - This is a fatal message 
[ERROR] 2020-01-29 11:27:26.055 View:14 - This is an error message 
[TRACE] 2020-01-29 11:27:32.067 View:9 - This is a trace message 
[DEBUG] 2020-01-29 11:27:32.073 View:10 - This is a debug message 
[INFO ] 2020-01-29 11:27:32.074 View:11 - This is an info message 
[WARN ] 2020-01-29 11:27:32.075 View:12 - This is a warn message 
[FATAL] 2020-01-29 11:27:32.076 View:13 - This is a fatal message 
[ERROR] 2020-01-29 11:27:32.078 View:14 - This is an error message 
[TRACE] 2020-01-29 11:53:29.808 View:9 - This is a trace message 
[DEBUG] 2020-01-29 11:53:29.820 View:10 - This is a debug message 
[INFO ] 2020-01-29 11:53:29.821 View:11 - This is an info message 
[WARN ] 2020-01-29 11:53:29.821 View:12 - This is a warn message 
[FATAL] 2020-01-29 11:53:29.822 View:13 - This is a fatal message 
[ERROR] 2020-01-29 11:53:29.822 View:14 - This is an error message 
[TRACE] 2020-01-29 11:54:26.107 View:9 - This is a trace message 
[DEBUG] 2020-01-29 11:54:26.119 View:10 - This is a debug message 
[INFO ] 2020-01-29 11:54:26.120 View:11 - This is an info message 
[WARN ] 2020-01-29 11:54:26.120 View:12 - This is a warn message 
[FATAL] 2020-01-29 11:54:26.121 View:13 - This is a fatal message 
[ERROR] 2020-01-29 11:54:26.121 View:14 - This is an error message 
[TRACE] 2020-01-29 12:26:53.879 View:9 - This is a trace message 
[DEBUG] 2020-01-29 12:26:53.890 View:10 - This is a debug message 
[INFO ] 2020-01-29 12:26:53.890 View:11 - This is an info message 
[WARN ] 2020-01-29 12:26:53.891 View:12 - This is a warn message 
[FATAL] 2020-01-29 12:26:53.891 View:13 - This is a fatal message 
[ERROR] 2020-01-29 12:26:53.892 View:14 - This is an error message 
[TRACE] 2020-01-29 12:27:22.814 View:9 - This is a trace message 
[DEBUG] 2020-01-29 12:27:22.820 View:10 - This is a debug message 
[INFO ] 2020-01-29 12:27:22.820 View:11 - This is an info message 
[WARN ] 2020-01-29 12:27:22.820 View:12 - This is a warn message 
[FATAL] 2020-01-29 12:27:22.821 View:13 - This is a fatal message 
[ERROR] 2020-01-29 12:27:22.821 View:14 - This is an error message 
[TRACE] 2020-01-29 12:27:49.027 View:9 - This is a trace message 
[DEBUG] 2020-01-29 12:27:49.038 View:10 - This is a debug message 
[INFO ] 2020-01-29 12:27:49.040 View:11 - This is an info message 
[WARN ] 2020-01-29 12:27:49.040 View:12 - This is a warn message 
[FATAL] 2020-01-29 12:27:49.040 View:13 - This is a fatal message 
[ERROR] 2020-01-29 12:27:49.041 View:14 - This is an error message 
[TRACE] 2020-01-29 12:29:06.573 View:9 - This is a trace message 
[DEBUG] 2020-01-29 12:29:06.580 View:10 - This is a debug message 
[INFO ] 2020-01-29 12:29:06.580 View:11 - This is an info message 
[WARN ] 2020-01-29 12:29:06.581 View:12 - This is a warn message 
[FATAL] 2020-01-29 12:29:06.581 View:13 - This is a fatal message 
[ERROR] 2020-01-29 12:29:06.582 View:14 - This is an error message 
[TRACE] 2020-01-29 12:59:27.831 View:9 - This is a trace message 
[DEBUG] 2020-01-29 12:59:27.840 View:10 - This is a debug message 
[INFO ] 2020-01-29 12:59:27.841 View:11 - This is an info message 
[WARN ] 2020-01-29 12:59:27.841 View:12 - This is a warn message 
[FATAL] 2020-01-29 12:59:27.842 View:13 - This is a fatal message 
[ERROR] 2020-01-29 12:59:27.842 View:14 - This is an error message 
[TRACE] 2020-01-29 13:00:36.011 View:9 - This is a trace message 
[DEBUG] 2020-01-29 13:00:36.020 View:10 - This is a debug message 
[INFO ] 2020-01-29 13:00:36.021 View:11 - This is an info message 
[WARN ] 2020-01-29 13:00:36.021 View:12 - This is a warn message 
[FATAL] 2020-01-29 13:00:36.022 View:13 - This is a fatal message 
[ERROR] 2020-01-29 13:00:36.022 View:14 - This is an error message 
[TRACE] 2020-01-29 13:34:29.619 View:9 - This is a trace message 
[DEBUG] 2020-01-29 13:34:29.626 View:10 - This is a debug message 
[INFO ] 2020-01-29 13:34:29.627 View:11 - This is an info message 
[WARN ] 2020-01-29 13:34:29.627 View:12 - This is a warn message 
[FATAL] 2020-01-29 13:34:29.628 View:13 - This is a fatal message 
[ERROR] 2020-01-29 13:34:29.631 View:14 - This is an error message 
[TRACE] 2020-01-29 13:34:46.388 View:9 - This is a trace message 
[DEBUG] 2020-01-29 13:34:46.416 View:10 - This is a debug message 
[INFO ] 2020-01-29 13:34:46.417 View:11 - This is an info message 
[WARN ] 2020-01-29 13:34:46.417 View:12 - This is a warn message 
[FATAL] 2020-01-29 13:34:46.418 View:13 - This is a fatal message 
[ERROR] 2020-01-29 13:34:46.418 View:14 - This is an error message 
[WARN ] 2020-01-29 13:35:09.184 View:12 - This is a warn message 
[FATAL] 2020-01-29 13:35:09.203 View:13 - This is a fatal message 
[ERROR] 2020-01-29 13:35:09.204 View:14 - This is an error message 
[WARN ] 2020-01-29 13:35:18.851 View:12 - This is a warn message 
[FATAL] 2020-01-29 13:35:18.863 View:13 - This is a fatal message 
[ERROR] 2020-01-29 13:35:18.864 View:14 - This is an error message 
[WARN ] 2020-01-29 13:35:37.838 View:12 - This is a warn message 
[FATAL] 2020-01-29 13:35:37.848 View:13 - This is a fatal message 
[ERROR] 2020-01-29 13:35:37.848 View:14 - This is an error message 
[FATAL] 2020-01-29 13:36:12.498 View:13 - This is a fatal message 
[ERROR] 2020-01-29 13:36:12.519 View:14 - This is an error message 
[FATAL] 2020-01-29 13:36:40.432 View:13 - This is a fatal message 
[ERROR] 2020-01-29 13:36:40.442 View:14 - This is an error message 
[FATAL] 2020-01-29 13:36:53.452 View:13 - This is a fatal message 
[ERROR] 2020-01-29 13:36:53.461 View:14 - This is an error message 
[TRACE] 2020-01-29 13:37:12.684 View:9 - This is a trace message 
[DEBUG] 2020-01-29 13:37:12.692 View:10 - This is a debug message 
[INFO ] 2020-01-29 13:37:12.693 View:11 - This is an info message 
[WARN ] 2020-01-29 13:37:12.694 View:12 - This is a warn message 
[FATAL] 2020-01-29 13:37:12.694 View:13 - This is a fatal message 
[ERROR] 2020-01-29 13:37:12.695 View:14 - This is an error message 
[TRACE] 2020-01-29 13:37:19.715 View:9 - This is a trace message 
[DEBUG] 2020-01-29 13:37:19.741 View:10 - This is a debug message 
[INFO ] 2020-01-29 13:37:19.742 View:11 - This is an info message 
[WARN ] 2020-01-29 13:37:19.742 View:12 - This is a warn message 
[FATAL] 2020-01-29 13:37:19.743 View:13 - This is a fatal message 
[ERROR] 2020-01-29 13:37:19.743 View:14 - This is an error message 
[TRACE] 2020-01-29 13:38:09.620 View:9 - This is a trace message 
[DEBUG] 2020-01-29 13:38:09.628 View:10 - This is a debug message 
[INFO ] 2020-01-29 13:38:09.628 View:11 - This is an info message 
[WARN ] 2020-01-29 13:38:09.629 View:12 - This is a warn message 
[FATAL] 2020-01-29 13:38:09.630 View:13 - This is a fatal message 
[ERROR] 2020-01-29 13:38:09.632 View:14 - This is an error message 
[TRACE] 2020-01-29 13:41:41.569 View:9 - This is a trace message 
[DEBUG] 2020-01-29 13:41:41.576 View:10 - This is a debug message 
[INFO ] 2020-01-29 13:41:41.576 View:11 - This is an info message 
[WARN ] 2020-01-29 13:41:41.576 View:12 - This is a warn message 
[FATAL] 2020-01-29 13:41:41.577 View:13 - This is a fatal message 
[ERROR] 2020-01-29 13:41:41.577 View:14 - This is an error message 
[TRACE] 2020-01-29 13:41:52.060 View:9 - This is a trace message 
[DEBUG] 2020-01-29 13:41:52.066 View:10 - This is a debug message 
[INFO ] 2020-01-29 13:41:52.067 View:11 - This is an info message 
[WARN ] 2020-01-29 13:41:52.067 View:12 - This is a warn message 
[FATAL] 2020-01-29 13:41:52.068 View:13 - This is a fatal message 
[ERROR] 2020-01-29 13:41:52.068 View:14 - This is an error message 
[TRACE] 2020-01-29 13:42:33.034 View:9 - This is a trace message 
[DEBUG] 2020-01-29 13:42:33.049 View:10 - This is a debug message 
[INFO ] 2020-01-29 13:42:33.049 View:11 - This is an info message 
[WARN ] 2020-01-29 13:42:33.050 View:12 - This is a warn message 
[FATAL] 2020-01-29 13:42:33.051 View:13 - This is a fatal message 
[ERROR] 2020-01-29 13:42:33.052 View:14 - This is an error message 
[TRACE] 2020-01-29 13:43:39.304 View:9 - This is a trace message 
[DEBUG] 2020-01-29 13:43:39.311 View:10 - This is a debug message 
[INFO ] 2020-01-29 13:43:39.311 View:11 - This is an info message 
[WARN ] 2020-01-29 13:43:39.311 View:12 - This is a warn message 
[FATAL] 2020-01-29 13:43:39.313 View:13 - This is a fatal message 
[ERROR] 2020-01-29 13:43:39.314 View:14 - This is an error message 
[FATAL] 2020-01-29 13:45:34.705 View:13 - This is a fatal message 
[ERROR] 2020-01-29 13:45:34.713 View:14 - This is an error message 
[FATAL] 2020-01-29 13:45:54.316 View:13 - This is a fatal message 
[ERROR] 2020-01-29 13:45:54.335 View:14 - This is an error message 
[FATAL] 2020-01-29 13:46:06.373 View:13 - This is a fatal message 
[ERROR] 2020-01-29 13:46:06.384 View:14 - This is an error message 
[FATAL] 2020-01-29 13:46:14.607 View:13 - This is a fatal message 
[ERROR] 2020-01-29 13:46:14.621 View:14 - This is an error message 
[FATAL] 2020-01-29 13:46:56.203 View:13 - This is a fatal message 
[ERROR] 2020-01-29 13:46:56.213 View:14 - This is an error message 
[FATAL] 2020-01-29 14:02:28.174 View:13 - This is a fatal message 
[ERROR] 2020-01-29 14:02:28.183 View:14 - This is an error message 
[TRACE] 2020-01-29 14:02:54.232 View:9 - This is a trace message 
[DEBUG] 2020-01-29 14:02:54.238 View:10 - This is a debug message 
[INFO ] 2020-01-29 14:02:54.239 View:11 - This is an info message 
[WARN ] 2020-01-29 14:02:54.239 View:12 - This is a warn message 
[FATAL] 2020-01-29 14:02:54.242 View:13 - This is a fatal message 
[ERROR] 2020-01-29 14:02:54.243 View:14 - This is an error message 
[TRACE] 2020-01-29 14:03:16.236 View:9 - This is a trace message 
[DEBUG] 2020-01-29 14:03:16.248 View:10 - This is a debug message 
[INFO ] 2020-01-29 14:03:16.248 View:11 - This is an info message 
[WARN ] 2020-01-29 14:03:16.249 View:12 - This is a warn message 
[FATAL] 2020-01-29 14:03:16.249 View:13 - This is a fatal message 
[ERROR] 2020-01-29 14:03:16.249 View:14 - This is an error message 
[TRACE] 2020-01-29 14:03:42.784 View:9 - This is a trace message 
[DEBUG] 2020-01-29 14:03:42.790 View:10 - This is a debug message 
[INFO ] 2020-01-29 14:03:42.791 View:11 - This is an info message 
[WARN ] 2020-01-29 14:03:42.791 View:12 - This is a warn message 
[FATAL] 2020-01-29 14:03:42.792 View:13 - This is a fatal message 
[ERROR] 2020-01-29 14:03:42.793 View:14 - This is an error message 
[TRACE] 2020-01-29 14:05:18.184 View:9 - This is a trace message 
[DEBUG] 2020-01-29 14:05:18.190 View:10 - This is a debug message 
[INFO ] 2020-01-29 14:05:18.190 View:11 - This is an info message 
[WARN ] 2020-01-29 14:05:18.191 View:12 - This is a warn message 
[FATAL] 2020-01-29 14:05:18.193 View:13 - This is a fatal message 
[ERROR] 2020-01-29 14:05:18.193 View:14 - This is an error message 
[TRACE] 2020-01-29 14:05:36.968 View:9 - This is a trace message 
[DEBUG] 2020-01-29 14:05:36.974 View:10 - This is a debug message 
[INFO ] 2020-01-29 14:05:36.974 View:11 - This is an info message 
[WARN ] 2020-01-29 14:05:36.974 View:12 - This is a warn message 
[FATAL] 2020-01-29 14:05:36.976 View:13 - This is a fatal message 
[ERROR] 2020-01-29 14:05:36.977 View:14 - This is an error message 
[TRACE] 2020-01-29 14:05:57.626 View:9 - This is a trace message 
[DEBUG] 2020-01-29 14:05:57.635 View:10 - This is a debug message 
[INFO ] 2020-01-29 14:05:57.637 View:11 - This is an info message 
[WARN ] 2020-01-29 14:05:57.639 View:12 - This is a warn message 
[FATAL] 2020-01-29 14:05:57.641 View:13 - This is a fatal message 
[ERROR] 2020-01-29 14:05:57.641 View:14 - This is an error message 
[TRACE] 2020-01-29 14:06:18.224 View:9 - This is a trace message 
[DEBUG] 2020-01-29 14:06:18.239 View:10 - This is a debug message 
[INFO ] 2020-01-29 14:06:18.239 View:11 - This is an info message 
[WARN ] 2020-01-29 14:06:18.239 View:12 - This is a warn message 
[FATAL] 2020-01-29 14:06:18.240 View:13 - This is a fatal message 
[ERROR] 2020-01-29 14:06:18.240 View:14 - This is an error message 
[TRACE] 2020-01-29 14:07:09.370 View:9 - This is a trace message 
[DEBUG] 2020-01-29 14:07:09.381 View:10 - This is a debug message 
[INFO ] 2020-01-29 14:07:09.381 View:11 - This is an info message 
[WARN ] 2020-01-29 14:07:09.381 View:12 - This is a warn message 
[FATAL] 2020-01-29 14:07:09.382 View:13 - This is a fatal message 
[ERROR] 2020-01-29 14:07:09.383 View:14 - This is an error message 
[TRACE] 2020-01-29 14:07:48.686 View:9 - This is a trace message 
[DEBUG] 2020-01-29 14:07:48.691 View:10 - This is a debug message 
[INFO ] 2020-01-29 14:07:48.692 View:11 - This is an info message 
[WARN ] 2020-01-29 14:07:48.692 View:12 - This is a warn message 
[FATAL] 2020-01-29 14:07:48.694 View:13 - This is a fatal message 
[ERROR] 2020-01-29 14:07:48.695 View:14 - This is an error message 
[TRACE] 2020-01-29 14:08:31.850 View:9 - This is a trace message 
[DEBUG] 2020-01-29 14:08:31.860 View:10 - This is a debug message 
[INFO ] 2020-01-29 14:08:31.860 View:11 - This is an info message 
[WARN ] 2020-01-29 14:08:31.860 View:12 - This is a warn message 
[FATAL] 2020-01-29 14:08:31.862 View:13 - This is a fatal message 
[ERROR] 2020-01-29 14:08:31.863 View:14 - This is an error message 
[TRACE] 2020-01-29 14:08:43.243 View:9 - This is a trace message 
[DEBUG] 2020-01-29 14:08:43.248 View:10 - This is a debug message 
[INFO ] 2020-01-29 14:08:43.248 View:11 - This is an info message 
[WARN ] 2020-01-29 14:08:43.248 View:12 - This is a warn message 
[FATAL] 2020-01-29 14:08:43.249 View:13 - This is a fatal message 
[ERROR] 2020-01-29 14:08:43.249 View:14 - This is an error message 
[TRACE] 2020-01-29 14:09:02.322 View:9 - This is a trace message 
[DEBUG] 2020-01-29 14:09:02.328 View:10 - This is a debug message 
[INFO ] 2020-01-29 14:09:02.328 View:11 - This is an info message 
[WARN ] 2020-01-29 14:09:02.328 View:12 - This is a warn message 
[FATAL] 2020-01-29 14:09:02.329 View:13 - This is a fatal message 
[ERROR] 2020-01-29 14:09:02.329 View:14 - This is an error message 
[TRACE] 2020-01-29 14:09:37.074 View:9 - This is a trace message 
[DEBUG] 2020-01-29 14:09:37.080 View:10 - This is a debug message 
[INFO ] 2020-01-29 14:09:37.081 View:11 - This is an info message 
[WARN ] 2020-01-29 14:09:37.085 View:12 - This is a warn message 
[FATAL] 2020-01-29 14:09:37.085 View:13 - This is a fatal message 
[ERROR] 2020-01-29 14:09:37.086 View:14 - This is an error message 
[TRACE] 2020-01-29 14:09:50.704 View:9 - This is a trace message 
[DEBUG] 2020-01-29 14:09:50.710 View:10 - This is a debug message 
[INFO ] 2020-01-29 14:09:50.711 View:11 - This is an info message 
[WARN ] 2020-01-29 14:09:50.711 View:12 - This is a warn message 
[FATAL] 2020-01-29 14:09:50.713 View:13 - This is a fatal message 
[ERROR] 2020-01-29 14:09:50.713 View:14 - This is an error message 
[INFO ] 2020-01-29 14:13:32.859 View:11 - This is an info message 
[WARN ] 2020-01-29 14:13:32.873 View:12 - This is a warn message 
[FATAL] 2020-01-29 14:13:32.875 View:13 - This is a fatal message 
[ERROR] 2020-01-29 14:13:32.875 View:14 - This is an error message 
